<?xml version="1.0" encoding="UTF-8"?>
<testng-results skipped="0" failed="0" ignored="0" total="1" passed="1">
  <reporter-output>
  </reporter-output>
  <suite name="Suite" duration-ms="12461" started-at="2018-05-31T05:59:25Z" finished-at="2018-05-31T05:59:37Z">
    <groups>
    </groups>
    <test name="Test" duration-ms="12461" started-at="2018-05-31T05:59:25Z" finished-at="2018-05-31T05:59:37Z">
      <class name="sample.hello">
        <test-method status="PASS" signature="pavan()[pri:0, instance:sample.hello@7b69c6ba]" name="pavan" duration-ms="12445" started-at="2018-05-31T05:59:25Z" finished-at="2018-05-31T05:59:37Z">
          <reporter-output>
          </reporter-output>
        </test-method> <!-- pavan -->
      </class> <!-- sample.hello -->
    </test> <!-- Test -->
  </suite> <!-- Suite -->
</testng-results>
